<?xml version="1.0" encoding="UTF-8"?>
<!-- Generated by org.testng.reporters.JUnitReportReporter -->
<testsuite hostname="Bhavyas-MacBook-Pro.local" failures="0" tests="2" name="BrowserStack.TestNGsample" time="0.006" errors="0" timestamp="2023-05-17T14:46:33 IST" skipped="0">
  <testcase classname="BrowserStack.TestNGsample" name="googleTitleTest" time="0.005"/>
  <system-out/>
  <testcase classname="BrowserStack.TestNGsample" name="secondTest" time="0.001"/>
  <system-out/>
</testsuite> <!-- BrowserStack.TestNGsample -->
