<?xml version="1.0" encoding="UTF-8"?>
<!-- Generated by org.testng.reporters.JUnitReportReporter -->
<testsuite hostname="Bhavyas-MacBook-Pro.local" failures="0" tests="2" name="BrowserStack.sample" time="9.388" errors="0" timestamp="2023-05-30T15:53:03 IST" skipped="0">
  <testcase classname="BrowserStack.sample" name="googleTitleTest" time="5.278"/>
  <system-out/>
  <testcase classname="BrowserStack.sample" name="gmailTest" time="4.110"/>
  <system-out/>
</testsuite> <!-- BrowserStack.sample -->
